<?xml version="1.0" encoding="UTF-8"?>
<!-- Generated by org.testng.reporters.JUnitReportReporter -->
<testsuite skipped="0" name="scripts.TestLogin" tests="1" failures="0" timestamp="26 Nov 2019 07:17:24 GMT" time="0.342" errors="0">
  <testcase name="loginApp" time="0.342" classname="scripts.TestLogin"/>
</testsuite> <!-- scripts.TestLogin -->
