<?xml version="1.0" encoding="UTF-8"?>
<!-- Generated by org.testng.reporters.JUnitReportReporter -->
<testsuite skipped="0" name="scripts.LoginTest" tests="1" failures="0" timestamp="07 Nov 2019 11:20:01 GMT" time="20.616" errors="0">
  <testcase name="login" time="20.616" classname="scripts.LoginTest"/>
</testsuite> <!-- scripts.LoginTest -->
